<?xml version="1.0" encoding="UTF-8"?>
<testng-results skipped="0" failed="0" total="2" passed="2">
  <reporter-output>
  </reporter-output>
  <suite name="Suite" duration-ms="1076795" started-at="2019-05-05T10:34:20Z" finished-at="2019-05-05T10:52:17Z">
    <groups>
    </groups>
    <test name="Test" duration-ms="1076795" started-at="2019-05-05T10:34:20Z" finished-at="2019-05-05T10:52:17Z">
      <class name="RestAPIViki">
        <test-method status="PASS" signature="testVikiAPI10PerPage(java.lang.reflect.Method)[pri:0, instance:RestAPIViki@204f30ec]" name="testVikiAPI10PerPage" duration-ms="253567" started-at="2019-05-05T18:34:20Z" finished-at="2019-05-05T18:38:33Z">
          <params>
            <param index="0">
              <value>
                <![CDATA[public void RestAPIViki.testVikiAPI10PerPage(java.lang.reflect.Method)]]>
              </value>
            </param>
          </params>
          <reporter-output>
          </reporter-output>
        </test-method> <!-- testVikiAPI10PerPage -->
        <test-method status="PASS" signature="testVikiAPI50PerPage(java.lang.reflect.Method)[pri:0, instance:RestAPIViki@204f30ec]" name="testVikiAPI50PerPage" duration-ms="823145" started-at="2019-05-05T18:38:33Z" finished-at="2019-05-05T18:52:17Z">
          <params>
            <param index="0">
              <value>
                <![CDATA[public void RestAPIViki.testVikiAPI50PerPage(java.lang.reflect.Method)]]>
              </value>
            </param>
          </params>
          <reporter-output>
          </reporter-output>
        </test-method> <!-- testVikiAPI50PerPage -->
      </class> <!-- RestAPIViki -->
    </test> <!-- Test -->
  </suite> <!-- Suite -->
</testng-results>
