<?xml version="1.0" encoding="UTF-8"?>
<testng-results skipped="0" failed="0" total="1" passed="1">
  <reporter-output>
  </reporter-output>
  <suite name="My Test Suite" duration-ms="233" started-at="2019-05-05T10:16:43Z" finished-at="2019-05-05T10:16:44Z">
    <groups>
    </groups>
    <test name="My Test" duration-ms="233" started-at="2019-05-05T10:16:43Z" finished-at="2019-05-05T10:16:44Z">
      <class name="Test5">
        <test-method status="PASS" signature="test()[pri:0, instance:Test5@649d209a]" name="test" duration-ms="179" started-at="2019-05-05T18:16:44Z" finished-at="2019-05-05T18:16:44Z">
          <reporter-output>
          </reporter-output>
        </test-method> <!-- test -->
      </class> <!-- Test5 -->
    </test> <!-- My Test -->
  </suite> <!-- My Test Suite -->
</testng-results>
